This is pdfTeX, Version 3.141592653-2.6-1.40.24 (TeX Live 2022) (preloaded format=pdflatex 2023.2.23)  3 OCT 2023 13:58
entering extended mode
 \write18 enabled.
 %&-line parsing enabled.
**slidesTmp.tex
(./slidesTmp.tex
LaTeX2e <2022-11-01> patch level 1
L3 programming layer <2023-02-07>
(/home/i56087/TeXLive/texmf-dist/tex/latex/beamer/beamer.cls
Document Class: beamer 2023/02/20 v3.69 A class for typesetting presentations
(/home/i56087/TeXLive/texmf-dist/tex/latex/beamer/beamerbasemodes.sty
(/home/i56087/TeXLive/texmf-dist/tex/latex/etoolbox/etoolbox.sty
Package: etoolbox 2020/10/05 v2.5k e-TeX tools for LaTeX (JAW)
\etb@tempcnta=\count185
)
\beamer@tempbox=\box51
\beamer@tempcount=\count186
\c@beamerpauses=\count187

(/home/i56087/TeXLive/texmf-dist/tex/latex/beamer/beamerbasedecode.sty
\beamer@slideinframe=\count188
\beamer@minimum=\count189
\beamer@decode@box=\box52
)
\beamer@commentbox=\box53
\beamer@modecount=\count190
)
(/home/i56087/TeXLive/texmf-dist/tex/generic/iftex/iftex.sty
Package: iftex 2022/02/03 v1.0f TeX engine tests
)
\headdp=\dimen140
\footheight=\dimen141
\sidebarheight=\dimen142
\beamer@tempdim=\dimen143
\beamer@finalheight=\dimen144
\beamer@animht=\dimen145
\beamer@animdp=\dimen146
\beamer@animwd=\dimen147
\beamer@leftmargin=\dimen148
\beamer@rightmargin=\dimen149
\beamer@leftsidebar=\dimen150
\beamer@rightsidebar=\dimen151
\beamer@boxsize=\dimen152
\beamer@vboxoffset=\dimen153
\beamer@descdefault=\dimen154
\beamer@descriptionwidth=\dimen155
\beamer@lastskip=\skip48
\beamer@areabox=\box54
\beamer@animcurrent=\box55
\beamer@animshowbox=\box56
\beamer@sectionbox=\box57
\beamer@logobox=\box58
\beamer@linebox=\box59
\beamer@sectioncount=\count191
\beamer@subsubsectionmax=\count192
\beamer@subsectionmax=\count193
\beamer@sectionmax=\count194
\beamer@totalheads=\count195
\beamer@headcounter=\count196
\beamer@partstartpage=\count197
\beamer@sectionstartpage=\count198
\beamer@subsectionstartpage=\count199
\beamer@animationtempa=\count266
\beamer@animationtempb=\count267
\beamer@xpos=\count268
\beamer@ypos=\count269
\beamer@ypos@offset=\count270
\beamer@showpartnumber=\count271
\beamer@currentsubsection=\count272
\beamer@coveringdepth=\count273
\beamer@sectionadjust=\count274
\beamer@toclastsection=\count275
\beamer@tocsectionnumber=\count276

(/home/i56087/TeXLive/texmf-dist/tex/latex/beamer/beamerbaseoptions.sty
(/home/i56087/TeXLive/texmf-dist/tex/latex/graphics/keyval.sty
Package: keyval 2022/05/29 v1.15 key=value parser (DPC)
\KV@toks@=\toks16
))
\beamer@paperwidth=\skip49
\beamer@paperheight=\skip50

(/home/i56087/TeXLive/texmf-dist/tex/latex/geometry/geometry.sty
Package: geometry 2020/01/02 v5.9 Page Geometry

(/home/i56087/TeXLive/texmf-dist/tex/generic/iftex/ifvtex.sty
Package: ifvtex 2019/10/25 v1.7 ifvtex legacy package. Use iftex instead.
)
\Gm@cnth=\count277
\Gm@cntv=\count278
\c@Gm@tempcnt=\count279
\Gm@bindingoffset=\dimen156
\Gm@wd@mp=\dimen157
\Gm@odd@mp=\dimen158
\Gm@even@mp=\dimen159
\Gm@layoutwidth=\dimen160
\Gm@layoutheight=\dimen161
\Gm@layouthoffset=\dimen162
\Gm@layoutvoffset=\dimen163
\Gm@dimlist=\toks17
)
(/home/i56087/TeXLive/texmf-dist/tex/latex/pgf/math/pgfmath.sty
(/home/i56087/TeXLive/texmf-dist/tex/latex/pgf/utilities/pgfrcs.sty
(/home/i56087/TeXLive/texmf-dist/tex/generic/pgf/utilities/pgfutil-common.tex
\pgfutil@everybye=\toks18
\pgfutil@tempdima=\dimen164
\pgfutil@tempdimb=\dimen165
)
(/home/i56087/TeXLive/texmf-dist/tex/generic/pgf/utilities/pgfutil-latex.def
\pgfutil@abb=\box60
)
(/home/i56087/TeXLive/texmf-dist/tex/generic/pgf/utilities/pgfrcs.code.tex
(/home/i56087/TeXLive/texmf-dist/tex/generic/pgf/pgf.revision.tex)
Package: pgfrcs 2023-01-15 v3.1.10 (3.1.10)
))
(/home/i56087/TeXLive/texmf-dist/tex/latex/pgf/utilities/pgfkeys.sty
(/home/i56087/TeXLive/texmf-dist/tex/generic/pgf/utilities/pgfkeys.code.tex
\pgfkeys@pathtoks=\toks19
\pgfkeys@temptoks=\toks20

(/home/i56087/TeXLive/texmf-dist/tex/generic/pgf/utilities/pgfkeyslibraryfilter
ed.code.tex
\pgfkeys@tmptoks=\toks21
)))
(/home/i56087/TeXLive/texmf-dist/tex/generic/pgf/math/pgfmath.code.tex
(/home/i56087/TeXLive/texmf-dist/tex/generic/pgf/math/pgfmathutil.code.tex
\pgf@x=\dimen166
\pgf@xa=\dimen167
\pgf@xb=\dimen168
\pgf@xc=\dimen169
\pgf@y=\dimen170
\pgf@ya=\dimen171
\pgf@yb=\dimen172
\pgf@yc=\dimen173
\c@pgf@counta=\count280
\c@pgf@countb=\count281
\c@pgf@countc=\count282
\c@pgf@countd=\count283
)
(/home/i56087/TeXLive/texmf-dist/tex/generic/pgf/math/pgfmathparser.code.tex
\pgfmath@dimen=\dimen174
\pgfmath@count=\count284
\pgfmath@box=\box61
\pgfmath@toks=\toks22
\pgfmath@stack@operand=\toks23
\pgfmath@stack@operation=\toks24
)
(/home/i56087/TeXLive/texmf-dist/tex/generic/pgf/math/pgfmathfunctions.code.tex
)
(/home/i56087/TeXLive/texmf-dist/tex/generic/pgf/math/pgfmathfunctions.basic.co
de.tex)
(/home/i56087/TeXLive/texmf-dist/tex/generic/pgf/math/pgfmathfunctions.trigonom
etric.code.tex)
(/home/i56087/TeXLive/texmf-dist/tex/generic/pgf/math/pgfmathfunctions.random.c
ode.tex)
(/home/i56087/TeXLive/texmf-dist/tex/generic/pgf/math/pgfmathfunctions.comparis
on.code.tex)
(/home/i56087/TeXLive/texmf-dist/tex/generic/pgf/math/pgfmathfunctions.base.cod
e.tex)
(/home/i56087/TeXLive/texmf-dist/tex/generic/pgf/math/pgfmathfunctions.round.co
de.tex)
(/home/i56087/TeXLive/texmf-dist/tex/generic/pgf/math/pgfmathfunctions.misc.cod
e.tex)
(/home/i56087/TeXLive/texmf-dist/tex/generic/pgf/math/pgfmathfunctions.integera
rithmetics.code.tex)
(/home/i56087/TeXLive/texmf-dist/tex/generic/pgf/math/pgfmathcalc.code.tex)
(/home/i56087/TeXLive/texmf-dist/tex/generic/pgf/math/pgfmathfloat.code.tex
\c@pgfmathroundto@lastzeros=\count285
)))
(/home/i56087/TeXLive/texmf-dist/tex/latex/base/size11.clo
File: size11.clo 2022/07/02 v1.4n Standard LaTeX file (size option)
)
(/home/i56087/TeXLive/texmf-dist/tex/latex/pgf/basiclayer/pgfcore.sty
(/home/i56087/TeXLive/texmf-dist/tex/latex/graphics/graphicx.sty
Package: graphicx 2021/09/16 v1.2d Enhanced LaTeX Graphics (DPC,SPQR)

(/home/i56087/TeXLive/texmf-dist/tex/latex/graphics/graphics.sty
Package: graphics 2022/03/10 v1.4e Standard LaTeX Graphics (DPC,SPQR)

(/home/i56087/TeXLive/texmf-dist/tex/latex/graphics/trig.sty
Package: trig 2021/08/11 v1.11 sin cos tan (DPC)
)
(/home/i56087/TeXLive/texmf-dist/tex/latex/graphics-cfg/graphics.cfg
File: graphics.cfg 2016/06/04 v1.11 sample graphics configuration
)
Package graphics Info: Driver file: pdftex.def on input line 107.

(/home/i56087/TeXLive/texmf-dist/tex/latex/graphics-def/pdftex.def
File: pdftex.def 2022/09/22 v1.2b Graphics/color driver for pdftex
))
\Gin@req@height=\dimen175
\Gin@req@width=\dimen176
)
(/home/i56087/TeXLive/texmf-dist/tex/latex/pgf/systemlayer/pgfsys.sty
(/home/i56087/TeXLive/texmf-dist/tex/generic/pgf/systemlayer/pgfsys.code.tex
Package: pgfsys 2023-01-15 v3.1.10 (3.1.10)
\pgf@x=\dimen177
\pgf@y=\dimen178
\pgf@xa=\dimen179
\pgf@ya=\dimen180
\pgf@xb=\dimen181
\pgf@yb=\dimen182
\pgf@xc=\dimen183
\pgf@yc=\dimen184
\pgf@xd=\dimen185
\pgf@yd=\dimen186
\w@pgf@writea=\write3
\r@pgf@reada=\read2
\c@pgf@counta=\count286
\c@pgf@countb=\count287
\c@pgf@countc=\count288
\c@pgf@countd=\count289
\t@pgf@toka=\toks25
\t@pgf@tokb=\toks26
\t@pgf@tokc=\toks27
\pgf@sys@id@count=\count290

(/home/i56087/TeXLive/texmf-dist/tex/generic/pgf/systemlayer/pgf.cfg
File: pgf.cfg 2023-01-15 v3.1.10 (3.1.10)
)
Driver file for pgf: pgfsys-pdftex.def

(/home/i56087/TeXLive/texmf-dist/tex/generic/pgf/systemlayer/pgfsys-pdftex.def
File: pgfsys-pdftex.def 2023-01-15 v3.1.10 (3.1.10)

(/home/i56087/TeXLive/texmf-dist/tex/generic/pgf/systemlayer/pgfsys-common-pdf.
def
File: pgfsys-common-pdf.def 2023-01-15 v3.1.10 (3.1.10)
)))
(/home/i56087/TeXLive/texmf-dist/tex/generic/pgf/systemlayer/pgfsyssoftpath.cod
e.tex
File: pgfsyssoftpath.code.tex 2023-01-15 v3.1.10 (3.1.10)
\pgfsyssoftpath@smallbuffer@items=\count291
\pgfsyssoftpath@bigbuffer@items=\count292
)
(/home/i56087/TeXLive/texmf-dist/tex/generic/pgf/systemlayer/pgfsysprotocol.cod
e.tex
File: pgfsysprotocol.code.tex 2023-01-15 v3.1.10 (3.1.10)
)) (/home/i56087/TeXLive/texmf-dist/tex/latex/xcolor/xcolor.sty
Package: xcolor 2022/06/12 v2.14 LaTeX color extensions (UK)

(/home/i56087/TeXLive/texmf-dist/tex/latex/graphics-cfg/color.cfg
File: color.cfg 2016/01/02 v1.6 sample color configuration
)
Package xcolor Info: Driver file: pdftex.def on input line 227.

(/home/i56087/TeXLive/texmf-dist/tex/latex/graphics/mathcolor.ltx)
Package xcolor Info: Model `cmy' substituted by `cmy0' on input line 1353.
Package xcolor Info: Model `hsb' substituted by `rgb' on input line 1357.
Package xcolor Info: Model `RGB' extended on input line 1369.
Package xcolor Info: Model `HTML' substituted by `rgb' on input line 1371.
Package xcolor Info: Model `Hsb' substituted by `hsb' on input line 1372.
Package xcolor Info: Model `tHsb' substituted by `hsb' on input line 1373.
Package xcolor Info: Model `HSB' substituted by `hsb' on input line 1374.
Package xcolor Info: Model `Gray' substituted by `gray' on input line 1375.
Package xcolor Info: Model `wave' substituted by `hsb' on input line 1376.
)
(/home/i56087/TeXLive/texmf-dist/tex/generic/pgf/basiclayer/pgfcore.code.tex
Package: pgfcore 2023-01-15 v3.1.10 (3.1.10)

(/home/i56087/TeXLive/texmf-dist/tex/generic/pgf/math/pgfint.code.tex)
(/home/i56087/TeXLive/texmf-dist/tex/generic/pgf/basiclayer/pgfcorepoints.code.
tex
File: pgfcorepoints.code.tex 2023-01-15 v3.1.10 (3.1.10)
\pgf@picminx=\dimen187
\pgf@picmaxx=\dimen188
\pgf@picminy=\dimen189
\pgf@picmaxy=\dimen190
\pgf@pathminx=\dimen191
\pgf@pathmaxx=\dimen192
\pgf@pathminy=\dimen193
\pgf@pathmaxy=\dimen194
\pgf@xx=\dimen195
\pgf@xy=\dimen196
\pgf@yx=\dimen197
\pgf@yy=\dimen198
\pgf@zx=\dimen199
\pgf@zy=\dimen256
)
(/home/i56087/TeXLive/texmf-dist/tex/generic/pgf/basiclayer/pgfcorepathconstruc
t.code.tex
File: pgfcorepathconstruct.code.tex 2023-01-15 v3.1.10 (3.1.10)
\pgf@path@lastx=\dimen257
\pgf@path@lasty=\dimen258
)
(/home/i56087/TeXLive/texmf-dist/tex/generic/pgf/basiclayer/pgfcorepathusage.co
de.tex
File: pgfcorepathusage.code.tex 2023-01-15 v3.1.10 (3.1.10)
\pgf@shorten@end@additional=\dimen259
\pgf@shorten@start@additional=\dimen260
)
(/home/i56087/TeXLive/texmf-dist/tex/generic/pgf/basiclayer/pgfcorescopes.code.
tex
File: pgfcorescopes.code.tex 2023-01-15 v3.1.10 (3.1.10)
\pgfpic=\box62
\pgf@hbox=\box63
\pgf@layerbox@main=\box64
\pgf@picture@serial@count=\count293
)
(/home/i56087/TeXLive/texmf-dist/tex/generic/pgf/basiclayer/pgfcoregraphicstate
.code.tex
File: pgfcoregraphicstate.code.tex 2023-01-15 v3.1.10 (3.1.10)
\pgflinewidth=\dimen261
)
(/home/i56087/TeXLive/texmf-dist/tex/generic/pgf/basiclayer/pgfcoretransformati
ons.code.tex
File: pgfcoretransformations.code.tex 2023-01-15 v3.1.10 (3.1.10)
\pgf@pt@x=\dimen262
\pgf@pt@y=\dimen263
\pgf@pt@temp=\dimen264
)
(/home/i56087/TeXLive/texmf-dist/tex/generic/pgf/basiclayer/pgfcorequick.code.t
ex
File: pgfcorequick.code.tex 2023-01-15 v3.1.10 (3.1.10)
)
(/home/i56087/TeXLive/texmf-dist/tex/generic/pgf/basiclayer/pgfcoreobjects.code
.tex
File: pgfcoreobjects.code.tex 2023-01-15 v3.1.10 (3.1.10)
)
(/home/i56087/TeXLive/texmf-dist/tex/generic/pgf/basiclayer/pgfcorepathprocessi
ng.code.tex
File: pgfcorepathprocessing.code.tex 2023-01-15 v3.1.10 (3.1.10)
)
(/home/i56087/TeXLive/texmf-dist/tex/generic/pgf/basiclayer/pgfcorearrows.code.
tex
File: pgfcorearrows.code.tex 2023-01-15 v3.1.10 (3.1.10)
\pgfarrowsep=\dimen265
)
(/home/i56087/TeXLive/texmf-dist/tex/generic/pgf/basiclayer/pgfcoreshade.code.t
ex
File: pgfcoreshade.code.tex 2023-01-15 v3.1.10 (3.1.10)
\pgf@max=\dimen266
\pgf@sys@shading@range@num=\count294
\pgf@shadingcount=\count295
)
(/home/i56087/TeXLive/texmf-dist/tex/generic/pgf/basiclayer/pgfcoreimage.code.t
ex
File: pgfcoreimage.code.tex 2023-01-15 v3.1.10 (3.1.10)
)
(/home/i56087/TeXLive/texmf-dist/tex/generic/pgf/basiclayer/pgfcoreexternal.cod
e.tex
File: pgfcoreexternal.code.tex 2023-01-15 v3.1.10 (3.1.10)
\pgfexternal@startupbox=\box65
)
(/home/i56087/TeXLive/texmf-dist/tex/generic/pgf/basiclayer/pgfcorelayers.code.
tex
File: pgfcorelayers.code.tex 2023-01-15 v3.1.10 (3.1.10)
)
(/home/i56087/TeXLive/texmf-dist/tex/generic/pgf/basiclayer/pgfcoretransparency
.code.tex
File: pgfcoretransparency.code.tex 2023-01-15 v3.1.10 (3.1.10)
)
(/home/i56087/TeXLive/texmf-dist/tex/generic/pgf/basiclayer/pgfcorepatterns.cod
e.tex
File: pgfcorepatterns.code.tex 2023-01-15 v3.1.10 (3.1.10)
)
(/home/i56087/TeXLive/texmf-dist/tex/generic/pgf/basiclayer/pgfcorerdf.code.tex
File: pgfcorerdf.code.tex 2023-01-15 v3.1.10 (3.1.10)
))) (/home/i56087/TeXLive/texmf-dist/tex/latex/pgf/utilities/xxcolor.sty
Package: xxcolor 2003/10/24 ver 0.1
\XC@nummixins=\count296
\XC@countmixins=\count297
)
(/home/i56087/TeXLive/texmf-dist/tex/latex/base/atbegshi-ltx.sty
Package: atbegshi-ltx 2021/01/10 v1.0c Emulation of the original atbegshi
package with kernel methods
)
(/home/i56087/TeXLive/texmf-dist/tex/latex/hyperref/hyperref.sty
Package: hyperref 2023-02-07 v7.00v Hypertext links for LaTeX

(/home/i56087/TeXLive/texmf-dist/tex/generic/ltxcmds/ltxcmds.sty
Package: ltxcmds 2020-05-10 v1.25 LaTeX kernel commands for general use (HO)
)
(/home/i56087/TeXLive/texmf-dist/tex/generic/pdftexcmds/pdftexcmds.sty
Package: pdftexcmds 2020-06-27 v0.33 Utility functions of pdfTeX for LuaTeX (HO
)

(/home/i56087/TeXLive/texmf-dist/tex/generic/infwarerr/infwarerr.sty
Package: infwarerr 2019/12/03 v1.5 Providing info/warning/error messages (HO)
)
Package pdftexcmds Info: \pdf@primitive is available.
Package pdftexcmds Info: \pdf@ifprimitive is available.
Package pdftexcmds Info: \pdfdraftmode found.
)
(/home/i56087/TeXLive/texmf-dist/tex/latex/kvsetkeys/kvsetkeys.sty
Package: kvsetkeys 2022-10-05 v1.19 Key value parser (HO)
)
(/home/i56087/TeXLive/texmf-dist/tex/generic/kvdefinekeys/kvdefinekeys.sty
Package: kvdefinekeys 2019-12-19 v1.6 Define keys (HO)
)
(/home/i56087/TeXLive/texmf-dist/tex/generic/pdfescape/pdfescape.sty
Package: pdfescape 2019/12/09 v1.15 Implements pdfTeX's escape features (HO)
)
(/home/i56087/TeXLive/texmf-dist/tex/latex/hycolor/hycolor.sty
Package: hycolor 2020-01-27 v1.10 Color options for hyperref/bookmark (HO)
)
(/home/i56087/TeXLive/texmf-dist/tex/latex/letltxmacro/letltxmacro.sty
Package: letltxmacro 2019/12/03 v1.6 Let assignment for LaTeX macros (HO)
)
(/home/i56087/TeXLive/texmf-dist/tex/latex/auxhook/auxhook.sty
Package: auxhook 2019-12-17 v1.6 Hooks for auxiliary files (HO)
)
(/home/i56087/TeXLive/texmf-dist/tex/latex/hyperref/nameref.sty
Package: nameref 2022-05-17 v2.50 Cross-referencing by name of section

(/home/i56087/TeXLive/texmf-dist/tex/latex/refcount/refcount.sty
Package: refcount 2019/12/15 v3.6 Data extraction from label references (HO)
)
(/home/i56087/TeXLive/texmf-dist/tex/generic/gettitlestring/gettitlestring.sty
Package: gettitlestring 2019/12/15 v1.6 Cleanup title references (HO)

(/home/i56087/TeXLive/texmf-dist/tex/latex/kvoptions/kvoptions.sty
Package: kvoptions 2022-06-15 v3.15 Key value format for package options (HO)
))
\c@section@level=\count298
)
\@linkdim=\dimen267
\Hy@linkcounter=\count299
\Hy@pagecounter=\count300

(/home/i56087/TeXLive/texmf-dist/tex/latex/hyperref/pd1enc.def
File: pd1enc.def 2023-02-07 v7.00v Hyperref: PDFDocEncoding definition (HO)
Now handling font encoding PD1 ...
... no UTF-8 mapping file for font encoding PD1
)
(/home/i56087/TeXLive/texmf-dist/tex/generic/intcalc/intcalc.sty
Package: intcalc 2019/12/15 v1.3 Expandable calculations with integers (HO)
)
(/home/i56087/TeXLive/texmf-dist/tex/generic/etexcmds/etexcmds.sty
Package: etexcmds 2019/12/15 v1.7 Avoid name clashes with e-TeX commands (HO)
)
\Hy@SavedSpaceFactor=\count301

(/home/i56087/TeXLive/texmf-dist/tex/latex/hyperref/puenc.def
File: puenc.def 2023-02-07 v7.00v Hyperref: PDF Unicode definition (HO)
Now handling font encoding PU ...
... no UTF-8 mapping file for font encoding PU
)
Package hyperref Info: Option `bookmarks' set `true' on input line 4060.
Package hyperref Info: Option `bookmarksopen' set `true' on input line 4060.
Package hyperref Info: Option `implicit' set `false' on input line 4060.
Package hyperref Info: Hyper figures OFF on input line 4177.
Package hyperref Info: Link nesting OFF on input line 4182.
Package hyperref Info: Hyper index ON on input line 4185.
Package hyperref Info: Plain pages OFF on input line 4192.
Package hyperref Info: Backreferencing OFF on input line 4197.
Package hyperref Info: Implicit mode OFF; no redefinition of LaTeX internals.
Package hyperref Info: Bookmarks ON on input line 4425.
\c@Hy@tempcnt=\count302

(/home/i56087/TeXLive/texmf-dist/tex/latex/url/url.sty
\Urlmuskip=\muskip16
Package: url 2013/09/16  ver 3.4  Verb mode for urls, etc.
)
LaTeX Info: Redefining \url on input line 4763.
\XeTeXLinkMargin=\dimen268

(/home/i56087/TeXLive/texmf-dist/tex/generic/bitset/bitset.sty
Package: bitset 2019/12/09 v1.3 Handle bit-vector datatype (HO)

(/home/i56087/TeXLive/texmf-dist/tex/generic/bigintcalc/bigintcalc.sty
Package: bigintcalc 2019/12/15 v1.5 Expandable calculations on big integers (HO
)
))
\Fld@menulength=\count303
\Field@Width=\dimen269
\Fld@charsize=\dimen270
Package hyperref Info: Hyper figures OFF on input line 6042.
Package hyperref Info: Link nesting OFF on input line 6047.
Package hyperref Info: Hyper index ON on input line 6050.
Package hyperref Info: backreferencing OFF on input line 6057.
Package hyperref Info: Link coloring OFF on input line 6062.
Package hyperref Info: Link coloring with OCG OFF on input line 6067.
Package hyperref Info: PDF/A mode OFF on input line 6072.
\Hy@abspage=\count304


Package hyperref Message: Stopped early.

)
Package hyperref Info: Driver (autodetected): hpdftex.
 (/home/i56087/TeXLive/texmf-dist/tex/latex/hyperref/hpdftex.def
File: hpdftex.def 2023-02-07 v7.00v Hyperref driver for pdfTeX

(/home/i56087/TeXLive/texmf-dist/tex/latex/base/atveryend-ltx.sty
Package: atveryend-ltx 2020/08/19 v1.0a Emulation of the original atveryend pac
kage
with kernel methods
)
\Fld@listcount=\count305
\c@bookmark@seq@number=\count306

(/home/i56087/TeXLive/texmf-dist/tex/latex/rerunfilecheck/rerunfilecheck.sty
Package: rerunfilecheck 2022-07-10 v1.10 Rerun checks for auxiliary files (HO)

(/home/i56087/TeXLive/texmf-dist/tex/generic/uniquecounter/uniquecounter.sty
Package: uniquecounter 2019/12/15 v1.4 Provide unlimited unique counter (HO)
)
Package uniquecounter Info: New unique counter `rerunfilecheck' on input line 2
85.
)) (/home/i56087/TeXLive/texmf-dist/tex/latex/beamer/beamerbaserequires.sty
(/home/i56087/TeXLive/texmf-dist/tex/latex/beamer/beamerbasecompatibility.sty)
(/home/i56087/TeXLive/texmf-dist/tex/latex/beamer/beamerbasefont.sty
(/home/i56087/TeXLive/texmf-dist/tex/latex/amsfonts/amssymb.sty
Package: amssymb 2013/01/14 v3.01 AMS font symbols

(/home/i56087/TeXLive/texmf-dist/tex/latex/amsfonts/amsfonts.sty
Package: amsfonts 2013/01/14 v3.01 Basic AMSFonts support
\@emptytoks=\toks28
\symAMSa=\mathgroup4
\symAMSb=\mathgroup5
LaTeX Font Info:    Redeclaring math symbol \hbar on input line 98.
LaTeX Font Info:    Overwriting math alphabet `\mathfrak' in version `bold'
(Font)                  U/euf/m/n --> U/euf/b/n on input line 106.
))
(/home/i56087/TeXLive/texmf-dist/tex/latex/sansmathaccent/sansmathaccent.sty
Package: sansmathaccent 2020/01/31

(/home/i56087/TeXLive/texmf-dist/tex/latex/koma-script/scrlfile.sty
Package: scrlfile 2022/10/12 v3.38 KOMA-Script package (file load hooks)

(/home/i56087/TeXLive/texmf-dist/tex/latex/koma-script/scrlfile-hook.sty
Package: scrlfile-hook 2022/10/12 v3.38 KOMA-Script package (using LaTeX hooks)


(/home/i56087/TeXLive/texmf-dist/tex/latex/koma-script/scrlogo.sty
Package: scrlogo 2022/10/12 v3.38 KOMA-Script package (logo)
)))))
(/home/i56087/TeXLive/texmf-dist/tex/latex/beamer/beamerbasetranslator.sty
(/home/i56087/TeXLive/texmf-dist/tex/latex/translator/translator.sty
Package: translator 2021-05-31 v1.12d Easy translation of strings in LaTeX
))
(/home/i56087/TeXLive/texmf-dist/tex/latex/beamer/beamerbasemisc.sty)
(/home/i56087/TeXLive/texmf-dist/tex/latex/beamer/beamerbasetwoscreens.sty)
(/home/i56087/TeXLive/texmf-dist/tex/latex/beamer/beamerbaseoverlay.sty
\beamer@argscount=\count307
\beamer@lastskipcover=\skip51
\beamer@trivlistdepth=\count308
)
(/home/i56087/TeXLive/texmf-dist/tex/latex/beamer/beamerbasetitle.sty)
(/home/i56087/TeXLive/texmf-dist/tex/latex/beamer/beamerbasesection.sty
\c@lecture=\count309
\c@part=\count310
\c@section=\count311
\c@subsection=\count312
\c@subsubsection=\count313
)
(/home/i56087/TeXLive/texmf-dist/tex/latex/beamer/beamerbaseframe.sty
\beamer@framebox=\box66
\beamer@frametitlebox=\box67
\beamer@zoombox=\box68
\beamer@zoomcount=\count314
\beamer@zoomframecount=\count315
\beamer@frametextheight=\dimen271
\c@subsectionslide=\count316
\beamer@frametopskip=\skip52
\beamer@framebottomskip=\skip53
\beamer@frametopskipautobreak=\skip54
\beamer@framebottomskipautobreak=\skip55
\beamer@envbody=\toks29
\framewidth=\dimen272
\c@framenumber=\count317
)
(/home/i56087/TeXLive/texmf-dist/tex/latex/beamer/beamerbaseverbatim.sty
\beamer@verbatimfileout=\write4
)
(/home/i56087/TeXLive/texmf-dist/tex/latex/beamer/beamerbaseframesize.sty
\beamer@splitbox=\box69
\beamer@autobreakcount=\count318
\beamer@autobreaklastheight=\dimen273
\beamer@frametitletoks=\toks30
\beamer@framesubtitletoks=\toks31
)
(/home/i56087/TeXLive/texmf-dist/tex/latex/beamer/beamerbaseframecomponents.sty
\beamer@footins=\box70
) (/home/i56087/TeXLive/texmf-dist/tex/latex/beamer/beamerbasecolor.sty)
(/home/i56087/TeXLive/texmf-dist/tex/latex/beamer/beamerbasenotes.sty
\beamer@frameboxcopy=\box71
)
(/home/i56087/TeXLive/texmf-dist/tex/latex/beamer/beamerbasetoc.sty)
(/home/i56087/TeXLive/texmf-dist/tex/latex/beamer/beamerbasetemplates.sty
\beamer@sbttoks=\toks32

(/home/i56087/TeXLive/texmf-dist/tex/latex/beamer/beamerbaseauxtemplates.sty
(/home/i56087/TeXLive/texmf-dist/tex/latex/beamer/beamerbaseboxes.sty
\bmb@box=\box72
\bmb@colorbox=\box73
\bmb@boxwidth=\dimen274
\bmb@boxheight=\dimen275
\bmb@prevheight=\dimen276
\bmb@temp=\dimen277
\bmb@dima=\dimen278
\bmb@dimb=\dimen279
\bmb@prevheight=\dimen280
)
\beamer@blockheadheight=\dimen281
))
(/home/i56087/TeXLive/texmf-dist/tex/latex/beamer/beamerbaselocalstructure.sty
(/home/i56087/TeXLive/texmf-dist/tex/latex/tools/enumerate.sty
Package: enumerate 2015/07/23 v3.00 enumerate extensions (DPC)
\@enLab=\toks33
)
\beamer@bibiconwidth=\skip56
\c@figure=\count319
\c@table=\count320
\abovecaptionskip=\skip57
\belowcaptionskip=\skip58
)
(/home/i56087/TeXLive/texmf-dist/tex/latex/beamer/beamerbasenavigation.sty
(/home/i56087/TeXLive/texmf-dist/tex/latex/beamer/beamerbasenavigationsymbols.t
ex)
\beamer@section@min@dim=\dimen282
) (/home/i56087/TeXLive/texmf-dist/tex/latex/beamer/beamerbasetheorems.sty
(/home/i56087/TeXLive/texmf-dist/tex/latex/amsmath/amsmath.sty
Package: amsmath 2022/04/08 v2.17n AMS math features
\@mathmargin=\skip59

For additional information on amsmath, use the `?' option.
(/home/i56087/TeXLive/texmf-dist/tex/latex/amsmath/amstext.sty
Package: amstext 2021/08/26 v2.01 AMS text

(/home/i56087/TeXLive/texmf-dist/tex/latex/amsmath/amsgen.sty
File: amsgen.sty 1999/11/30 v2.0 generic functions
\@emptytoks=\toks34
\ex@=\dimen283
))
(/home/i56087/TeXLive/texmf-dist/tex/latex/amsmath/amsbsy.sty
Package: amsbsy 1999/11/29 v1.2d Bold Symbols
\pmbraise@=\dimen284
)
(/home/i56087/TeXLive/texmf-dist/tex/latex/amsmath/amsopn.sty
Package: amsopn 2022/04/08 v2.04 operator names
)
\inf@bad=\count321
LaTeX Info: Redefining \frac on input line 234.
\uproot@=\count322
\leftroot@=\count323
LaTeX Info: Redefining \overline on input line 399.
LaTeX Info: Redefining \colon on input line 410.
\classnum@=\count324
\DOTSCASE@=\count325
LaTeX Info: Redefining \ldots on input line 496.
LaTeX Info: Redefining \dots on input line 499.
LaTeX Info: Redefining \cdots on input line 620.
\Mathstrutbox@=\box74
\strutbox@=\box75
LaTeX Info: Redefining \big on input line 722.
LaTeX Info: Redefining \Big on input line 723.
LaTeX Info: Redefining \bigg on input line 724.
LaTeX Info: Redefining \Bigg on input line 725.
\big@size=\dimen285
LaTeX Font Info:    Redeclaring font encoding OML on input line 743.
LaTeX Font Info:    Redeclaring font encoding OMS on input line 744.
\macc@depth=\count326
LaTeX Info: Redefining \bmod on input line 905.
LaTeX Info: Redefining \pmod on input line 910.
LaTeX Info: Redefining \smash on input line 940.
LaTeX Info: Redefining \relbar on input line 970.
LaTeX Info: Redefining \Relbar on input line 971.
\c@MaxMatrixCols=\count327
\dotsspace@=\muskip17
\c@parentequation=\count328
\dspbrk@lvl=\count329
\tag@help=\toks35
\row@=\count330
\column@=\count331
\maxfields@=\count332
\andhelp@=\toks36
\eqnshift@=\dimen286
\alignsep@=\dimen287
\tagshift@=\dimen288
\tagwidth@=\dimen289
\totwidth@=\dimen290
\lineht@=\dimen291
\@envbody=\toks37
\multlinegap=\skip60
\multlinetaggap=\skip61
\mathdisplay@stack=\toks38
LaTeX Info: Redefining \[ on input line 2953.
LaTeX Info: Redefining \] on input line 2954.
)
(/home/i56087/TeXLive/texmf-dist/tex/latex/amscls/amsthm.sty
Package: amsthm 2020/05/29 v2.20.6
\thm@style=\toks39
\thm@bodyfont=\toks40
\thm@headfont=\toks41
\thm@notefont=\toks42
\thm@headpunct=\toks43
\thm@preskip=\skip62
\thm@postskip=\skip63
\thm@headsep=\skip64
\dth@everypar=\toks44
)
\c@theorem=\count333
)
(/home/i56087/TeXLive/texmf-dist/tex/latex/beamer/beamerbasethemes.sty))
(/home/i56087/TeXLive/texmf-dist/tex/latex/beamer/beamerthemedefault.sty
(/home/i56087/TeXLive/texmf-dist/tex/latex/beamer/beamerfontthemedefault.sty)
(/home/i56087/TeXLive/texmf-dist/tex/latex/beamer/beamercolorthemedefault.sty)
(/home/i56087/TeXLive/texmf-dist/tex/latex/beamer/beamerinnerthemedefault.sty
\beamer@dima=\dimen292
\beamer@dimb=\dimen293
)
(/home/i56087/TeXLive/texmf-dist/tex/latex/beamer/beamerouterthemedefault.sty))
)
(/home/i56087/TeXLive/texmf-dist/tex/latex/beamer/beamerfontthemeprofessionalfo
nts.sty) (/home/i56087/TeXLive/texmf-dist/tex/latex/animate/animate.sty
Package: animate 2022/09/15 PDF & SVG animations from files and inline graphics


(/home/i56087/TeXLive/texmf-dist/tex/latex/base/ifthen.sty
Package: ifthen 2022/04/13 v1.1d Standard LaTeX ifthen package (DPC)
)
(/home/i56087/TeXLive/texmf-dist/tex/latex/oberdiek/ifdraft.sty
Package: ifdraft 2016/05/16 v1.4 Detect class options draft and final (HO)
)
(/home/i56087/TeXLive/texmf-dist/tex/latex/tools/calc.sty
Package: calc 2017/05/25 v4.3 Infix arithmetic (KKT,FJ)
\calc@Acount=\count334
\calc@Bcount=\count335
\calc@Adimen=\dimen294
\calc@Bdimen=\dimen295
\calc@Askip=\skip65
\calc@Bskip=\skip66
LaTeX Info: Redefining \setlength on input line 80.
LaTeX Info: Redefining \addtolength on input line 81.
\calc@Ccount=\count336
\calc@Cskip=\skip67
)
(/home/i56087/TeXLive/texmf-dist/tex/latex/media9/pdfbase.sty
Package: pdfbase 2022/08/04 v0.55 driver independent access to low-level PDF fe
atures

(/home/i56087/TeXLive/texmf-dist/tex/latex/l3backend/l3backend-pdftex.def
File: l3backend-pdftex.def 2023-01-16 L3 backend support: PDF output (pdfTeX)
\l__color_backend_stack_int=\count337
\l__pdf_internal_box=\box76
)
\g_pbs_page_int=\count338
\g_pbs_oc_int=\count339
)
(/home/i56087/TeXLive/texmf-dist/tex/latex/zref/zref-abspage.sty
Package: zref-abspage 2022-04-07 v2.34 Module abspage for zref (HO)

(/home/i56087/TeXLive/texmf-dist/tex/latex/zref/zref-base.sty
Package: zref-base 2022-04-07 v2.34 Module base for zref (HO)
Package zref Info: New property list: main on input line 767.
Package zref Info: New property: default on input line 768.
Package zref Info: New property: page on input line 769.
)
\c@abspage=\count340
Package zref Info: New property: abspage on input line 65.
)
(/home/i56087/TeXLive/texmf-dist/tex/latex/ocgx2/ocgbase.sty
Package: ocgbase 2022/08/04 v0.22 support package for ocgx2.sty
\g_ocgbase_nd_int=\count341
)
\@anim@box=\box77
\@anim@measbox=\box78
\@anim@tmpdima=\dimen296
\@anim@tmpdimb=\dimen297
\@anim@num=\count342
\@anim@curframe=\count343
\@anim@curframe@zb=\count344
\@anim@resizeflags=\count345
\@anim@skipfram=\count346
\@anim@mulframecnt=\count347
\@anim@@tmlnfile=\read3
\@anim@tmpcnt=\count348
\c@@anim@ltxcnt=\count349
\@anim@curlayer=\count350
\@anim@lineno=\count351
\@anim@curfield=\count352
\@anim@@resizeflags=\count353
)
(/home/i56087/TeXLive/texmf-dist/tex/latex/caption/caption.sty
Package: caption 2022/03/01 v3.6b Customizing captions (AR)

(/home/i56087/TeXLive/texmf-dist/tex/latex/caption/caption3.sty
Package: caption3 2022/03/17 v2.3b caption3 kernel (AR)
\caption@tempdima=\dimen298
\captionmargin=\dimen299
\caption@leftmargin=\dimen300
\caption@rightmargin=\dimen301
\caption@width=\dimen302
\caption@indent=\dimen303
\caption@parindent=\dimen304
\caption@hangindent=\dimen305
Package caption Info: beamer document class detected.

(/home/i56087/TeXLive/texmf-dist/tex/latex/caption/caption-beamer.sto
File: caption-beamer.sto 2022/01/06 v2.0c Adaption of the caption package to th
e beamer document classes (AR)
))
\c@caption@flags=\count354
\c@continuedfloat=\count355
Package caption Info: hyperref package is loaded.
Package caption Info: Hyperref support is turned off
(caption)             because hyperref has stopped early.
)
(/home/i56087/TeXLive/texmf-dist/tex/latex/beamer/beamerthemesplit.sty
(/home/i56087/TeXLive/texmf-dist/tex/latex/beamer/beamercolorthemewhale.sty)
(/home/i56087/TeXLive/texmf-dist/tex/latex/beamer/beamerouterthemesplit.sty)
(/home/i56087/TeXLive/texmf-dist/tex/latex/beamer/beamerfontthemestructurebold.
sty)) (/home/i56087/TeXLive/texmf-dist/tex/latex/textpos/textpos.sty
Package: textpos 2022/07/23 v1.10.1
Package textpos Info: choosing support for LaTeX3 on input line 60.
\TP@textbox=\box79
\TPHorizModule=\dimen306
\TPVertModule=\dimen307
\TP@margin=\dimen308
\TP@absmargin=\dimen309

Grid set 16 x 16 = 28.45274pt x 16.00467pt
\TPboxrulesize=\dimen310
\TP@tbargs=\toks45
) (/home/i56087/TeXLive/texmf-dist/tex/latex/overpic/overpic.sty
Package: overpic 2020/02/22 1.3 picture overlays (RN)

(/home/i56087/TeXLive/texmf-dist/tex/latex/eepic/epic.sty
Enhancements to Picture Environment. Version 1.2 - Released June 1, 1986
\@@multicnt=\count356
\d@lta=\count357
\@delta=\dimen311
\@@delta=\dimen312
\@gridcnt=\count358
\@joinkind=\count359
\@dotgap=\dimen313
\@ddotgap=\dimen314
\@x@diff=\count360
\@y@diff=\count361
\x@diff=\dimen315
\y@diff=\dimen316
\@dotbox=\box80
\num@segments=\count362
\num@segmentsi=\count363
\@datafile=\read4
)
\OVP@box=\box81
) (/home/i56087/TeXLive/texmf-dist/tex/latex/multirow/multirow.sty
Package: multirow 2021/03/15 v2.8 Span multiple rows of a table
\multirow@colwidth=\skip68
\multirow@cntb=\count364
\multirow@dima=\skip69
\bigstrutjot=\dimen317
)
(/home/i56087/TeXLive/texmf-dist/tex/latex/tools/array.sty
Package: array 2022/09/04 v2.5g Tabular extension package (FMi)
\col@sep=\dimen318
\ar@mcellbox=\box82
\extrarowheight=\dimen319
\NC@list=\toks46
\extratabsurround=\skip70
\backup@length=\skip71
\ar@cellbox=\box83
)
(/home/i56087/TeXLive/texmf-dist/tex/latex/tools/hhline.sty
Package: hhline 2020/01/04 v2.04 Table rule package (DPC)
)
(/home/i56087/TeXLive/texmf-dist/tex/latex/siunitx/siunitx.sty
Package: siunitx 2023-02-21 v3.2.1 A comprehensive (SI) units package
\l__siunitx_angle_tmp_dim=\dimen320
\l__siunitx_angle_marker_box=\box84
\l__siunitx_angle_unit_box=\box85
\l__siunitx_compound_count_int=\count365

(/home/i56087/TeXLive/texmf-dist/tex/latex/translations/translations.sty
Package: translations 2022/02/05 v1.12 internationalization of LaTeX2e packages
 (CN)
)
\l__siunitx_number_exponent_fixed_int=\count366
\l__siunitx_number_min_decimal_int=\count367
\l__siunitx_number_min_integer_int=\count368
\l__siunitx_number_round_precision_int=\count369
\l__siunitx_number_lower_threshold_int=\count370
\l__siunitx_number_upper_threshold_int=\count371
\l__siunitx_number_group_first_int=\count372
\l__siunitx_number_group_size_int=\count373
\l__siunitx_number_group_minimum_int=\count374
\l__siunitx_table_tmp_box=\box86
\l__siunitx_table_tmp_dim=\dimen321
\l__siunitx_table_column_width_dim=\dimen322
\l__siunitx_table_integer_box=\box87
\l__siunitx_table_decimal_box=\box88
\l__siunitx_table_uncert_box=\box89
\l__siunitx_table_before_box=\box90
\l__siunitx_table_after_box=\box91
\l__siunitx_table_before_dim=\dimen323
\l__siunitx_table_carry_dim=\dimen324
\l__siunitx_unit_tmp_int=\count375
\l__siunitx_unit_position_int=\count376
\l__siunitx_unit_total_int=\count377
)
(/home/i56087/TeXLive/texmf-dist/tex/latex/comment/comment.sty
\CommentStream=\write5

Excluding comment 'comment')
(/home/i56087/TeXLive/texmf-dist/tex/latex/pgf/frontendlayer/tikz.sty
(/home/i56087/TeXLive/texmf-dist/tex/latex/pgf/basiclayer/pgf.sty
Package: pgf 2023-01-15 v3.1.10 (3.1.10)

(/home/i56087/TeXLive/texmf-dist/tex/generic/pgf/modules/pgfmoduleshapes.code.t
ex
File: pgfmoduleshapes.code.tex 2023-01-15 v3.1.10 (3.1.10)
\pgfnodeparttextbox=\box92
)
(/home/i56087/TeXLive/texmf-dist/tex/generic/pgf/modules/pgfmoduleplot.code.tex
File: pgfmoduleplot.code.tex 2023-01-15 v3.1.10 (3.1.10)
)
(/home/i56087/TeXLive/texmf-dist/tex/latex/pgf/compatibility/pgfcomp-version-0-
65.sty
Package: pgfcomp-version-0-65 2023-01-15 v3.1.10 (3.1.10)
\pgf@nodesepstart=\dimen325
\pgf@nodesepend=\dimen326
)
(/home/i56087/TeXLive/texmf-dist/tex/latex/pgf/compatibility/pgfcomp-version-1-
18.sty
Package: pgfcomp-version-1-18 2023-01-15 v3.1.10 (3.1.10)
)) (/home/i56087/TeXLive/texmf-dist/tex/latex/pgf/utilities/pgffor.sty
(/home/i56087/TeXLive/texmf-dist/tex/generic/pgf/utilities/pgffor.code.tex
Package: pgffor 2023-01-15 v3.1.10 (3.1.10)
\pgffor@iter=\dimen327
\pgffor@skip=\dimen328
\pgffor@stack=\toks47
\pgffor@toks=\toks48
))
(/home/i56087/TeXLive/texmf-dist/tex/generic/pgf/frontendlayer/tikz/tikz.code.t
ex
Package: tikz 2023-01-15 v3.1.10 (3.1.10)

(/home/i56087/TeXLive/texmf-dist/tex/generic/pgf/libraries/pgflibraryplothandle
rs.code.tex
File: pgflibraryplothandlers.code.tex 2023-01-15 v3.1.10 (3.1.10)
\pgf@plot@mark@count=\count378
\pgfplotmarksize=\dimen329
)
\tikz@lastx=\dimen330
\tikz@lasty=\dimen331
\tikz@lastxsaved=\dimen332
\tikz@lastysaved=\dimen333
\tikz@lastmovetox=\dimen334
\tikz@lastmovetoy=\dimen335
\tikzleveldistance=\dimen336
\tikzsiblingdistance=\dimen337
\tikz@figbox=\box93
\tikz@figbox@bg=\box94
\tikz@tempbox=\box95
\tikz@tempbox@bg=\box96
\tikztreelevel=\count379
\tikznumberofchildren=\count380
\tikznumberofcurrentchild=\count381
\tikz@fig@count=\count382

(/home/i56087/TeXLive/texmf-dist/tex/generic/pgf/modules/pgfmodulematrix.code.t
ex
File: pgfmodulematrix.code.tex 2023-01-15 v3.1.10 (3.1.10)
\pgfmatrixcurrentrow=\count383
\pgfmatrixcurrentcolumn=\count384
\pgf@matrix@numberofcolumns=\count385
)
\tikz@expandcount=\count386

(/home/i56087/TeXLive/texmf-dist/tex/generic/pgf/frontendlayer/tikz/libraries/t
ikzlibrarytopaths.code.tex
File: tikzlibrarytopaths.code.tex 2023-01-15 v3.1.10 (3.1.10)
)))
(/home/i56087/TeXLive/texmf-dist/tex/latex/transparent/transparent.sty
Package: transparent 2022-10-27 v1.5 Transparency with color stacks

(/home/i56087/TeXLive/texmf-dist/tex/latex/transparent/transparent-nometadata.s
ty
Package: transparent-nometadata 2022-10-27 v1.5 Transparency via pdfTeX's color
 stack (HO)
)) (/home/i56087/TeXLive/texmf-dist/tex/generic/soul/soul.sty
Package: soul 2023-02-18 v3.0 Permit use of UTF-8 characters in soul (HO)

(/home/i56087/TeXLive/texmf-dist/tex/generic/soul/soul-ori.sty
Package: soul-ori 2023-02-18 v3.0 letterspacing/underlining (mf)
\SOUL@word=\toks49
\SOUL@lasttoken=\toks50
\SOUL@syllable=\toks51
\SOUL@cmds=\toks52
\SOUL@buffer=\toks53
\SOUL@token=\toks54
\SOUL@syllgoal=\dimen338
\SOUL@syllwidth=\dimen339
\SOUL@charkern=\dimen340
\SOUL@hyphkern=\dimen341
\SOUL@dimen=\dimen342
\SOUL@dimeni=\dimen343
\SOUL@minus=\count387
\SOUL@comma=\count388
\SOUL@apo=\count389
\SOUL@grave=\count390
\SOUL@spaceskip=\skip72
\SOUL@ttwidth=\dimen344
\SOUL@uldp=\dimen345
\SOUL@ulht=\dimen346
))
Package translations Info: No language package found. I am going to use `englis
h' as default language. on input line 43.

(./slidesTmp.aux)
\openout1 = `slidesTmp.aux'.

LaTeX Font Info:    Checking defaults for OML/cmm/m/it on input line 43.
LaTeX Font Info:    ... okay on input line 43.
LaTeX Font Info:    Checking defaults for OMS/cmsy/m/n on input line 43.
LaTeX Font Info:    ... okay on input line 43.
LaTeX Font Info:    Checking defaults for OT1/cmr/m/n on input line 43.
LaTeX Font Info:    ... okay on input line 43.
LaTeX Font Info:    Checking defaults for T1/cmr/m/n on input line 43.
LaTeX Font Info:    ... okay on input line 43.
LaTeX Font Info:    Checking defaults for TS1/cmr/m/n on input line 43.
LaTeX Font Info:    ... okay on input line 43.
LaTeX Font Info:    Checking defaults for OMX/cmex/m/n on input line 43.
LaTeX Font Info:    ... okay on input line 43.
LaTeX Font Info:    Checking defaults for U/cmr/m/n on input line 43.
LaTeX Font Info:    ... okay on input line 43.
LaTeX Font Info:    Checking defaults for PD1/pdf/m/n on input line 43.
LaTeX Font Info:    ... okay on input line 43.
LaTeX Font Info:    Checking defaults for PU/pdf/m/n on input line 43.
LaTeX Font Info:    ... okay on input line 43.

*geometry* driver: auto-detecting
*geometry* detected driver: pdftex
*geometry* verbose mode - [ preamble ] result:
* driver: pdftex
* paper: custom
* layout: <same size as paper>
* layoutoffset:(h,v)=(0.0pt,0.0pt)
* modes: includehead includefoot 
* h-part:(L,W,R)=(28.45274pt, 398.3386pt, 28.45274pt)
* v-part:(T,H,B)=(0.0pt, 256.0748pt, 0.0pt)
* \paperwidth=455.24408pt
* \paperheight=256.0748pt
* \textwidth=398.3386pt
* \textheight=227.62207pt
* \oddsidemargin=-43.81725pt
* \evensidemargin=-43.81725pt
* \topmargin=-72.26999pt
* \headheight=14.22636pt
* \headsep=0.0pt
* \topskip=11.0pt
* \footskip=14.22636pt
* \marginparwidth=4.0pt
* \marginparsep=10.0pt
* \columnsep=10.0pt
* \skip\footins=10.0pt plus 4.0pt minus 2.0pt
* \hoffset=0.0pt
* \voffset=0.0pt
* \mag=1000
* \@twocolumnfalse
* \@twosidefalse
* \@mparswitchfalse
* \@reversemarginfalse
* (1in=72.27pt=25.4mm, 1cm=28.453pt)

(/home/i56087/TeXLive/texmf-dist/tex/context/base/mkii/supp-pdf.mkii
[Loading MPS to PDF converter (version 2006.09.02).]
\scratchcounter=\count391
\scratchdimen=\dimen347
\scratchbox=\box97
\nofMPsegments=\count392
\nofMParguments=\count393
\everyMPshowfont=\toks55
\MPscratchCnt=\count394
\MPscratchDim=\dimen348
\MPnumerator=\count395
\makeMPintoPDFobject=\count396
\everyMPtoPDFconversion=\toks56
) (/home/i56087/TeXLive/texmf-dist/tex/latex/epstopdf-pkg/epstopdf-base.sty
Package: epstopdf-base 2020-01-24 v2.11 Base part for package epstopdf
Package epstopdf-base Info: Redefining graphics rule for `.eps' on input line 4
85.

(/home/i56087/TeXLive/texmf-dist/tex/latex/latexconfig/epstopdf-sys.cfg
File: epstopdf-sys.cfg 2010/07/13 v1.3 Configuration of (r)epstopdf for TeX Liv
e
))
Package hyperref Info: Link coloring OFF on input line 43.

(./slidesTmp.out) (./slidesTmp.out)
\@outlinefile=\write6
\openout6 = `slidesTmp.out'.


(/home/i56087/TeXLive/texmf-dist/tex/latex/translator/translator-basic-dictiona
ry-English.dict
Dictionary: translator-basic-dictionary, Language: English 
)
(/home/i56087/TeXLive/texmf-dist/tex/latex/translator/translator-bibliography-d
ictionary-English.dict
Dictionary: translator-bibliography-dictionary, Language: English 
)
(/home/i56087/TeXLive/texmf-dist/tex/latex/translator/translator-environment-di
ctionary-English.dict
Dictionary: translator-environment-dictionary, Language: English 
)
(/home/i56087/TeXLive/texmf-dist/tex/latex/translator/translator-months-diction
ary-English.dict
Dictionary: translator-months-dictionary, Language: English 
)
(/home/i56087/TeXLive/texmf-dist/tex/latex/translator/translator-numbers-dictio
nary-English.dict
Dictionary: translator-numbers-dictionary, Language: English 
)
(/home/i56087/TeXLive/texmf-dist/tex/latex/translator/translator-theorem-dictio
nary-English.dict
Dictionary: translator-theorem-dictionary, Language: English 
)
Package caption Info: Begin \AtBeginDocument code.
Package caption Info: End \AtBeginDocument code.

(/home/i56087/TeXLive/texmf-dist/tex/latex/translations/translations-basic-dict
ionary-english.trsl
File: translations-basic-dictionary-english.trsl (english translation file `tra
nslations-basic-dictionary')
)
Package translations Info: loading dictionary `translations-basic-dictionary' f
or `english'. on input line 43.
 (./slidesTmp.nav)
LaTeX Font Info:    Trying to load font information for U+msa on input line 79.


(/home/i56087/TeXLive/texmf-dist/tex/latex/amsfonts/umsa.fd
File: umsa.fd 2013/01/14 v3.01 AMS symbols A
)
LaTeX Font Info:    Trying to load font information for U+msb on input line 79.


(/home/i56087/TeXLive/texmf-dist/tex/latex/amsfonts/umsb.fd
File: umsb.fd 2013/01/14 v3.01 AMS symbols B
) [1

{/home/i56087/TeXLive/texmf-var/fonts/map/pdftex/updmap/pdftex.map}]
\tf@nav=\write7
\openout7 = `slidesTmp.nav'.

\tf@toc=\write8
\openout8 = `slidesTmp.toc'.

\tf@snm=\write9
\openout9 = `slidesTmp.snm'.

 (./slidesTmp.aux)
Package rerunfilecheck Info: File `slidesTmp.out' has not changed.
(rerunfilecheck)             Checksum: D41D8CD98F00B204E9800998ECF8427E;0.
 ) 
Here is how much of TeX's memory you used:
 31666 strings out of 476029
 677225 string characters out of 5791669
 1867346 words of memory out of 5000000
 51527 multiletter control sequences out of 15000+600000
 517681 words of font info for 52 fonts, out of 8000000 for 9000
 1141 hyphenation exceptions out of 8191
 128i,15n,122p,421b,891s stack positions out of 10000i,1000n,20000p,200000b,200000s
</home/i56087/TeXLive/texmf-dist/fonts/type1/public/amsfonts/cm/cmss12.pfb></
home/i56087/TeXLive/texmf-dist/fonts/type1/public/amsfonts/cm/cmss8.pfb></home/
i56087/TeXLive/texmf-dist/fonts/type1/public/amsfonts/cm/cmssbx10.pfb></home/i5
6087/TeXLive/texmf-dist/fonts/type1/public/amsfonts/cm/cmtt8.pfb></home/i56087/
TeXLive/texmf-dist/fonts/type1/public/amsfonts/symbols/msam7.pfb>
Output written on slidesTmp.pdf (1 page, 52705 bytes).
PDF statistics:
 51 PDF objects out of 1000 (max. 8388607)
 30 compressed objects within 1 object stream
 3 named destinations out of 1000 (max. 500000)
 43 words of extra memory for PDF output out of 10000 (max. 10000000)

